This file contains any messages produced by compilers while
running configure, to aid debugging if configure makes a mistake.

It was created by libbinmod configure 0.1, which was
generated by GNU Autoconf 2.69.  Invocation command line was

  $ ./configure 

## --------- ##
## Platform. ##
## --------- ##

hostname = voile
uname -m = x86_64
uname -r = 4.2.6-koakuma2
uname -s = Linux
uname -v = #1 SMP Sat Nov 14 09:21:33 EST 2015

/usr/bin/uname -p = unknown
/bin/uname -X     = unknown

/bin/arch              = unknown
/usr/bin/arch -k       = unknown
/usr/convex/getsysinfo = unknown
/usr/bin/hostinfo      = unknown
/bin/machine           = unknown
/usr/bin/oslevel       = unknown
/bin/universe          = unknown

PATH: /xbin
PATH: /usr/bin
PATH: /usr/sbin
PATH: /usr/xbin
PATH: /bin
PATH: /sbin
PATH: /arch/ver/autoconf/2.69/bin
PATH: /arch/ver/automake/1.15/bin
PATH: /arch/ver/hacktool/default/bin
PATH: /arch/ver/java/lfs8/bin
PATH: /arch/ver/qt/4/bin
PATH: /arch/ver/renpy/allvers/bin
PATH: /arch/ver/retroarch/git-oct-6-15/bin
PATH: /arch/ver/wine/1.8-rc1-stg/bin
PATH: /home/patch/Games/bin


## ----------- ##
## Core tests. ##
## ----------- ##

configure:2111: checking for gcc
configure:2127: found /usr/bin/gcc
configure:2138: result: gcc
configure:2367: checking for C compiler version
configure:2376: gcc --version >&5
gcc (GCC) 5.2.0
Copyright (C) 2015 Free Software Foundation, Inc.
This is free software; see the source for copying conditions.  There is NO
warranty; not even for MERCHANTABILITY or FITNESS FOR A PARTICULAR PURPOSE.

configure:2387: $? = 0
configure:2376: gcc -v >&5
Reading specs from /arch/64/usr/bin/../lib/gcc/x86_64-unknown-linux-gnu/5.2.0/specs
COLLECT_GCC=gcc
COLLECT_LTO_WRAPPER=/arch/64/usr/bin/../libexec/gcc/x86_64-unknown-linux-gnu/5.2.0/lto-wrapper
Target: x86_64-unknown-linux-gnu
Configured with: ../gcc-5.2.0/configure --prefix=/usr --libdir=/usr/lib --enable-shared --enable-threads=posix SED=sed --enable-__cxa_atexit --with-multilib-list=m32,m64 --enable-clocale=gnu --with-system-zlib --enable-languages=c,c++,fortran,go,objc,obj-c++,java --enable-bootstrap --with-default-libstdcxx-abi=gcc4-compatible
Thread model: posix
gcc driver version 5.2.0 (GCC) executing gcc version 5.2.0-pie
configure:2387: $? = 0
configure:2376: gcc -V >&5
gcc: error: unrecognized command line option '-V'
gcc: fatal error: no input files
compilation terminated.
configure:2387: $? = 1
configure:2376: gcc -qversion >&5
gcc: error: unrecognized command line option '-qversion'
gcc: fatal error: no input files
compilation terminated.
configure:2387: $? = 1
configure:2407: checking whether the C compiler works
configure:2429: gcc -O0   conftest.c  >&5
configure:2433: $? = 0
configure:2481: result: yes
configure:2484: checking for C compiler default output file name
configure:2486: result: a.out
configure:2492: checking for suffix of executables
configure:2499: gcc -o conftest -O0   conftest.c  >&5
configure:2503: $? = 0
configure:2525: result: 
configure:2547: checking whether we are cross compiling
configure:2555: gcc -o conftest -O0   conftest.c  >&5
configure:2559: $? = 0
configure:2566: ./conftest
configure:2570: $? = 0
configure:2585: result: no
configure:2590: checking for suffix of object files
configure:2612: gcc -c -O0  conftest.c >&5
configure:2616: $? = 0
configure:2637: result: o
configure:2641: checking whether we are using the GNU C compiler
configure:2660: gcc -c -O0  conftest.c >&5
configure:2660: $? = 0
configure:2669: result: yes
configure:2678: checking whether gcc accepts -g
configure:2698: gcc -c -g  conftest.c >&5
configure:2698: $? = 0
configure:2739: result: yes
configure:2756: checking for gcc option to accept ISO C89
configure:2819: gcc  -c -O0  conftest.c >&5
configure:2819: $? = 0
configure:2832: result: none needed
configure:2895: checking for a BSD-compatible install
configure:2963: result: /usr/bin/install -c
configure:3017: checking for ranlib
configure:3033: found /usr/bin/ranlib
configure:3044: result: ranlib
configure:3077: checking how to run the C preprocessor
configure:3108: gcc -E  conftest.c
configure:3108: $? = 0
configure:3122: gcc -E  conftest.c
conftest.c:9:28: fatal error: ac_nonexistent.h: No such file or directory
compilation terminated.
configure:3122: $? = 1
configure: failed program was:
| /* confdefs.h */
| #define PACKAGE_NAME "libbinmod"
| #define PACKAGE_TARNAME "libbinmod"
| #define PACKAGE_VERSION "0.1"
| #define PACKAGE_STRING "libbinmod 0.1"
| #define PACKAGE_BUGREPORT "chaos.kagami@gmail.com"
| #define PACKAGE_URL "http://github.com/chaoskagami/libbinmod"
| /* end confdefs.h.  */
| #include <ac_nonexistent.h>
configure:3147: result: gcc -E
configure:3167: gcc -E  conftest.c
configure:3167: $? = 0
configure:3181: gcc -E  conftest.c
conftest.c:9:28: fatal error: ac_nonexistent.h: No such file or directory
compilation terminated.
configure:3181: $? = 1
configure: failed program was:
| /* confdefs.h */
| #define PACKAGE_NAME "libbinmod"
| #define PACKAGE_TARNAME "libbinmod"
| #define PACKAGE_VERSION "0.1"
| #define PACKAGE_STRING "libbinmod 0.1"
| #define PACKAGE_BUGREPORT "chaos.kagami@gmail.com"
| #define PACKAGE_URL "http://github.com/chaoskagami/libbinmod"
| /* end confdefs.h.  */
| #include <ac_nonexistent.h>
configure:3210: checking for grep that handles long lines and -e
configure:3268: result: /bin/grep
configure:3273: checking for egrep
configure:3335: result: /bin/grep -E
configure:3340: checking for ANSI C header files
configure:3360: gcc -c -O0  conftest.c >&5
configure:3360: $? = 0
configure:3433: gcc -o conftest -O0   conftest.c  >&5
configure:3433: $? = 0
configure:3433: ./conftest
configure:3433: $? = 0
configure:3444: result: yes
configure:3457: checking for sys/types.h
configure:3457: gcc -c -O0  conftest.c >&5
configure:3457: $? = 0
configure:3457: result: yes
configure:3457: checking for sys/stat.h
configure:3457: gcc -c -O0  conftest.c >&5
configure:3457: $? = 0
configure:3457: result: yes
configure:3457: checking for stdlib.h
configure:3457: gcc -c -O0  conftest.c >&5
configure:3457: $? = 0
configure:3457: result: yes
configure:3457: checking for string.h
configure:3457: gcc -c -O0  conftest.c >&5
configure:3457: $? = 0
configure:3457: result: yes
configure:3457: checking for memory.h
configure:3457: gcc -c -O0  conftest.c >&5
configure:3457: $? = 0
configure:3457: result: yes
configure:3457: checking for strings.h
configure:3457: gcc -c -O0  conftest.c >&5
configure:3457: $? = 0
configure:3457: result: yes
configure:3457: checking for inttypes.h
configure:3457: gcc -c -O0  conftest.c >&5
configure:3457: $? = 0
configure:3457: result: yes
configure:3457: checking for stdint.h
configure:3457: gcc -c -O0  conftest.c >&5
configure:3457: $? = 0
configure:3457: result: yes
configure:3457: checking for unistd.h
configure:3457: gcc -c -O0  conftest.c >&5
configure:3457: $? = 0
configure:3457: result: yes
configure:3469: checking for uint64_t
configure:3469: gcc -c -O0  conftest.c >&5
configure:3469: $? = 0
configure:3469: result: yes
configure:3491: checking for stdlib.h
configure:3491: result: yes
configure:3491: checking for unistd.h
configure:3491: result: yes
configure:3491: checking for sys/param.h
configure:3491: gcc -c -O0  conftest.c >&5
configure:3491: $? = 0
configure:3491: result: yes
configure:3511: checking for getpagesize
configure:3511: gcc -o conftest -O0   conftest.c  >&5
configure:3511: $? = 0
configure:3511: result: yes
configure:3520: checking for working mmap
configure:3667: gcc -o conftest -O0   conftest.c  >&5
configure:3667: $? = 0
configure:3667: ./conftest
configure:3667: $? = 0
configure:3677: result: yes
configure:3688: checking for munmap
configure:3688: gcc -o conftest -O0   conftest.c  >&5
configure:3688: $? = 0
configure:3688: result: yes
configure:3814: creating ./config.status

## ---------------------- ##
## Running config.status. ##
## ---------------------- ##

This file was extended by libbinmod config.status 0.1, which was
generated by GNU Autoconf 2.69.  Invocation command line was

  CONFIG_FILES    = 
  CONFIG_HEADERS  = 
  CONFIG_LINKS    = 
  CONFIG_COMMANDS = 
  $ ./config.status 

on voile

config.status:809: creating Makefile
config.status:809: creating config.h
config.status:984: config.h is unchanged

## ---------------- ##
## Cache variables. ##
## ---------------- ##

ac_cv_c_compiler_gnu=yes
ac_cv_c_uint64_t=yes
ac_cv_env_CC_set=
ac_cv_env_CC_value=
ac_cv_env_CFLAGS_set=set
ac_cv_env_CFLAGS_value=-O0
ac_cv_env_CPPFLAGS_set=
ac_cv_env_CPPFLAGS_value=
ac_cv_env_CPP_set=
ac_cv_env_CPP_value=
ac_cv_env_LDFLAGS_set=
ac_cv_env_LDFLAGS_value=
ac_cv_env_LIBS_set=
ac_cv_env_LIBS_value=
ac_cv_env_build_alias_set=
ac_cv_env_build_alias_value=
ac_cv_env_host_alias_set=
ac_cv_env_host_alias_value=
ac_cv_env_target_alias_set=
ac_cv_env_target_alias_value=
ac_cv_func_getpagesize=yes
ac_cv_func_mmap_fixed_mapped=yes
ac_cv_func_munmap=yes
ac_cv_header_inttypes_h=yes
ac_cv_header_memory_h=yes
ac_cv_header_stdc=yes
ac_cv_header_stdint_h=yes
ac_cv_header_stdlib_h=yes
ac_cv_header_string_h=yes
ac_cv_header_strings_h=yes
ac_cv_header_sys_param_h=yes
ac_cv_header_sys_stat_h=yes
ac_cv_header_sys_types_h=yes
ac_cv_header_unistd_h=yes
ac_cv_objext=o
ac_cv_path_EGREP='/bin/grep -E'
ac_cv_path_GREP=/bin/grep
ac_cv_path_install='/usr/bin/install -c'
ac_cv_prog_CPP='gcc -E'
ac_cv_prog_ac_ct_CC=gcc
ac_cv_prog_ac_ct_RANLIB=ranlib
ac_cv_prog_cc_c89=
ac_cv_prog_cc_g=yes

## ----------------- ##
## Output variables. ##
## ----------------- ##

CC='gcc'
CFLAGS='-O0'
CPP='gcc -E'
CPPFLAGS=''
DEFS='-DHAVE_CONFIG_H'
ECHO_C=''
ECHO_N='-n'
ECHO_T=''
EGREP='/bin/grep -E'
EXEEXT=''
GREP='/bin/grep'
INSTALL_DATA='${INSTALL} -m 644'
INSTALL_PROGRAM='${INSTALL}'
INSTALL_SCRIPT='${INSTALL}'
LDFLAGS=''
LIBOBJS=''
LIBS=''
LTLIBOBJS=''
OBJEXT='o'
PACKAGE_BUGREPORT='chaos.kagami@gmail.com'
PACKAGE_NAME='libbinmod'
PACKAGE_STRING='libbinmod 0.1'
PACKAGE_TARNAME='libbinmod'
PACKAGE_URL='http://github.com/chaoskagami/libbinmod'
PACKAGE_VERSION='0.1'
PATH_SEPARATOR=':'
RANLIB='ranlib'
SHELL='/bin/sh'
ac_ct_CC='gcc'
bindir='${exec_prefix}/bin'
build_alias=''
datadir='${datarootdir}'
datarootdir='${prefix}/share'
docdir='${datarootdir}/doc/${PACKAGE_TARNAME}'
dvidir='${docdir}'
exec_prefix='${prefix}'
host_alias=''
htmldir='${docdir}'
includedir='${prefix}/include'
infodir='${datarootdir}/info'
libdir='${exec_prefix}/lib'
libexecdir='${exec_prefix}/libexec'
localedir='${datarootdir}/locale'
localstatedir='${prefix}/var'
mandir='${datarootdir}/man'
oldincludedir='/usr/include'
pdfdir='${docdir}'
prefix='/usr/local'
program_transform_name='s,x,x,'
psdir='${docdir}'
sbindir='${exec_prefix}/sbin'
sharedstatedir='${prefix}/com'
sysconfdir='${prefix}/etc'
target_alias=''

## ----------- ##
## confdefs.h. ##
## ----------- ##

/* confdefs.h */
#define PACKAGE_NAME "libbinmod"
#define PACKAGE_TARNAME "libbinmod"
#define PACKAGE_VERSION "0.1"
#define PACKAGE_STRING "libbinmod 0.1"
#define PACKAGE_BUGREPORT "chaos.kagami@gmail.com"
#define PACKAGE_URL "http://github.com/chaoskagami/libbinmod"
#define STDC_HEADERS 1
#define HAVE_SYS_TYPES_H 1
#define HAVE_SYS_STAT_H 1
#define HAVE_STDLIB_H 1
#define HAVE_STRING_H 1
#define HAVE_MEMORY_H 1
#define HAVE_STRINGS_H 1
#define HAVE_INTTYPES_H 1
#define HAVE_STDINT_H 1
#define HAVE_UNISTD_H 1
#define HAVE_STDLIB_H 1
#define HAVE_UNISTD_H 1
#define HAVE_SYS_PARAM_H 1
#define HAVE_GETPAGESIZE 1
#define HAVE_MMAP 1
#define HAVE_MUNMAP 1

configure: exit 0
